<?xml version="1.0" encoding="UTF-8"?>
<testsuite xmlns:xsi="http://www.w3.org/2001/XMLSchema-instance" xsi:noNamespaceSchemaLocation="https://maven.apache.org/surefire/maven-surefire-plugin/xsd/surefire-test-report.xsd" name="com.baeldung.optaplanner.test.OptaPlannerUnitTest" time="22.151" tests="2" errors="0" skipped="0" failures="0">
  <properties>
[...]
</properties>
  <testcase name="test_whenDroolsSolver" classname="com.baeldung.optaplanner.test.OptaPlannerUnitTest" time="12.003"/>
  <testcase name="test_whenCustomJavaSolver" classname="com.baeldung.optaplanner.test.OptaPlannerUnitTest" time="10.032"/>
</testsuite>